<?xml version="1.0" encoding="UTF-8"?>
<coverage generated="1543534383164" clover="3.2.0">
  <project timestamp="1543534383165" name="All files">
    <metrics statements="24" coveredstatements="14" conditionals="2" coveredconditionals="0" methods="5" coveredmethods="2" elements="31" coveredelements="16" complexity="0" loc="24" ncloc="24" packages="3" files="3" classes="3">
      <package name="Schemas">
        <metrics statements="4" coveredstatements="4" conditionals="0" coveredconditionals="0" methods="0" coveredmethods="0"/>
        <file name="User.js" path="C:\Users\Alex\Desktop\University\CS Year 3\Semester 1\Software Quality and Process Management\student-cvs\Schemas\User.js">
          <metrics statements="4" coveredstatements="4" conditionals="0" coveredconditionals="0" methods="0" coveredmethods="0"/>
          <line num="1" count="1" type="stmt"/>
          <line num="2" count="1" type="stmt"/>
          <line num="4" count="1" type="stmt"/>
          <line num="16" count="1" type="stmt"/>
        </file>
      </package>
      <package name="modules.businessLogic">
        <metrics statements="8" coveredstatements="5" conditionals="0" coveredconditionals="0" methods="3" coveredmethods="1"/>
        <file name="accountLogic.js" path="C:\Users\Alex\Desktop\University\CS Year 3\Semester 1\Software Quality and Process Management\student-cvs\modules\businessLogic\accountLogic.js">
          <metrics statements="8" coveredstatements="5" conditionals="0" coveredconditionals="0" methods="3" coveredmethods="1"/>
          <line num="1" count="1" type="stmt"/>
          <line num="3" count="1" type="stmt"/>
          <line num="6" count="1" type="stmt"/>
          <line num="7" count="1" type="stmt"/>
          <line num="18" count="1" type="stmt"/>
          <line num="20" count="0" type="stmt"/>
          <line num="23" count="0" type="stmt"/>
          <line num="24" count="0" type="stmt"/>
        </file>
      </package>
      <package name="modules.dataAccess">
        <metrics statements="12" coveredstatements="5" conditionals="2" coveredconditionals="0" methods="2" coveredmethods="1"/>
        <file name="accountDataAccess.js" path="C:\Users\Alex\Desktop\University\CS Year 3\Semester 1\Software Quality and Process Management\student-cvs\modules\dataAccess\accountDataAccess.js">
          <metrics statements="12" coveredstatements="5" conditionals="2" coveredconditionals="0" methods="2" coveredmethods="1"/>
          <line num="1" count="1" type="stmt"/>
          <line num="2" count="1" type="stmt"/>
          <line num="4" count="1" type="stmt"/>
          <line num="6" count="0" type="stmt"/>
          <line num="7" count="0" type="stmt"/>
          <line num="8" count="0" type="stmt"/>
          <line num="9" count="0" type="cond" truecount="0" falsecount="2"/>
          <line num="10" count="0" type="stmt"/>
          <line num="13" count="0" type="stmt"/>
          <line num="17" count="0" type="stmt"/>
          <line num="23" count="1" type="stmt"/>
          <line num="31" count="1" type="stmt"/>
        </file>
      </package>
    </metrics>
  </project>
</coverage>
