{"C:\\Users\\Alex\\Desktop\\University Work\\Year 3\\Software Quality and Process Management\\student-cvs\\Schemas\\CV.js": {"path":"C:\\Users\\Alex\\Desktop\\University Work\\Year 3\\Software Quality and Process Management\\student-cvs\\Schemas\\CV.js","statementMap":{"0":{"start":{"line":1,"column":17},"end":{"line":1,"column":36}},"1":{"start":{"line":2,"column":15},"end":{"line":2,"column":30}},"2":{"start":{"line":4,"column":17},"end":{"line":24,"column":2}},"3":{"start":{"line":26,"column":11},"end":{"line":26,"column":41}},"4":{"start":{"line":28,"column":0},"end":{"line":28,"column":20}}},"fnMap":{},"branchMap":{},"s":{"0":2,"1":2,"2":2,"3":2,"4":2},"f":{},"b":{},"_coverageSchema":"332fd63041d2c1bcb487cc26dd0d5f7d97098a6c","hash":"e22da495639b6de8b15d25d887ef9c8ef8697cd5"}
,"C:\\Users\\Alex\\Desktop\\University Work\\Year 3\\Software Quality and Process Management\\student-cvs\\keys\\keys.js": {"path":"C:\\Users\\Alex\\Desktop\\University Work\\Year 3\\Software Quality and Process Management\\student-cvs\\keys\\keys.js","statementMap":{"0":{"start":{"line":1,"column":13},"end":{"line":6,"column":1}},"1":{"start":{"line":8,"column":0},"end":{"line":8,"column":22}}},"fnMap":{},"branchMap":{},"s":{"0":1,"1":1},"f":{},"b":{},"_coverageSchema":"332fd63041d2c1bcb487cc26dd0d5f7d97098a6c","hash":"74a49c7ca6088984d5ac3b14325b034d71213c7a"}
,"C:\\Users\\Alex\\Desktop\\University Work\\Year 3\\Software Quality and Process Management\\student-cvs\\modules\\businessLogic\\cvLogic.js": {"path":"C:\\Users\\Alex\\Desktop\\University Work\\Year 3\\Software Quality and Process Management\\student-cvs\\modules\\businessLogic\\cvLogic.js","statementMap":{"0":{"start":{"line":1,"column":17},"end":{"line":1,"column":54}},"1":{"start":{"line":3,"column":0},"end":{"line":109,"column":1}},"2":{"start":{"line":6,"column":2},"end":{"line":37,"column":5}},"3":{"start":{"line":7,"column":16},"end":{"line":7,"column":24}},"4":{"start":{"line":9,"column":17},"end":{"line":27,"column":4}},"5":{"start":{"line":28,"column":3},"end":{"line":36,"column":7}},"6":{"start":{"line":30,"column":5},"end":{"line":30,"column":30}},"7":{"start":{"line":31,"column":5},"end":{"line":31,"column":27}},"8":{"start":{"line":32,"column":5},"end":{"line":32,"column":23}},"9":{"start":{"line":35,"column":5},"end":{"line":35,"column":17}},"10":{"start":{"line":41,"column":2},"end":{"line":71,"column":5}},"11":{"start":{"line":43,"column":16},"end":{"line":43,"column":24}},"12":{"start":{"line":45,"column":20},"end":{"line":63,"column":4}},"13":{"start":{"line":65,"column":3},"end":{"line":70,"column":31}},"14":{"start":{"line":67,"column":5},"end":{"line":67,"column":30}},"15":{"start":{"line":68,"column":5},"end":{"line":68,"column":26}},"16":{"start":{"line":70,"column":18},"end":{"line":70,"column":29}},"17":{"start":{"line":75,"column":2},"end":{"line":96,"column":5}},"18":{"start":{"line":77,"column":12},"end":{"line":77,"column":14}},"19":{"start":{"line":79,"column":3},"end":{"line":87,"column":4}},"20":{"start":{"line":80,"column":4},"end":{"line":80,"column":36}},"21":{"start":{"line":82,"column":8},"end":{"line":87,"column":4}},"22":{"start":{"line":83,"column":4},"end":{"line":83,"column":29}},"23":{"start":{"line":86,"column":4},"end":{"line":86,"column":29}},"24":{"start":{"line":89,"column":3},"end":{"line":95,"column":6}},"25":{"start":{"line":91,"column":5},"end":{"line":91,"column":22}},"26":{"start":{"line":94,"column":5},"end":{"line":94,"column":17}},"27":{"start":{"line":100,"column":2},"end":{"line":107,"column":5}},"28":{"start":{"line":102,"column":3},"end":{"line":106,"column":31}},"29":{"start":{"line":104,"column":5},"end":{"line":104,"column":20}},"30":{"start":{"line":106,"column":18},"end":{"line":106,"column":29}}},"fnMap":{"0":{"name":"(anonymous_0)","decl":{"start":{"line":6,"column":21},"end":{"line":6,"column":22}},"loc":{"start":{"line":6,"column":42},"end":{"line":37,"column":3}},"line":6},"1":{"name":"(anonymous_1)","decl":{"start":{"line":29,"column":10},"end":{"line":29,"column":11}},"loc":{"start":{"line":29,"column":24},"end":{"line":33,"column":5}},"line":29},"2":{"name":"(anonymous_2)","decl":{"start":{"line":34,"column":11},"end":{"line":34,"column":12}},"loc":{"start":{"line":34,"column":18},"end":{"line":36,"column":5}},"line":34},"3":{"name":"(anonymous_3)","decl":{"start":{"line":41,"column":21},"end":{"line":41,"column":22}},"loc":{"start":{"line":41,"column":42},"end":{"line":71,"column":3}},"line":41},"4":{"name":"(anonymous_4)","decl":{"start":{"line":66,"column":10},"end":{"line":66,"column":11}},"loc":{"start":{"line":66,"column":27},"end":{"line":69,"column":5}},"line":66},"5":{"name":"(anonymous_5)","decl":{"start":{"line":70,"column":11},"end":{"line":70,"column":12}},"loc":{"start":{"line":70,"column":18},"end":{"line":70,"column":29}},"line":70},"6":{"name":"(anonymous_6)","decl":{"start":{"line":75,"column":21},"end":{"line":75,"column":22}},"loc":{"start":{"line":75,"column":42},"end":{"line":96,"column":3}},"line":75},"7":{"name":"(anonymous_7)","decl":{"start":{"line":90,"column":10},"end":{"line":90,"column":11}},"loc":{"start":{"line":90,"column":23},"end":{"line":92,"column":5}},"line":90},"8":{"name":"(anonymous_8)","decl":{"start":{"line":93,"column":11},"end":{"line":93,"column":12}},"loc":{"start":{"line":93,"column":18},"end":{"line":95,"column":5}},"line":93},"9":{"name":"(anonymous_9)","decl":{"start":{"line":100,"column":21},"end":{"line":100,"column":22}},"loc":{"start":{"line":100,"column":42},"end":{"line":107,"column":3}},"line":100},"10":{"name":"(anonymous_10)","decl":{"start":{"line":103,"column":10},"end":{"line":103,"column":11}},"loc":{"start":{"line":103,"column":22},"end":{"line":105,"column":5}},"line":103},"11":{"name":"(anonymous_11)","decl":{"start":{"line":106,"column":11},"end":{"line":106,"column":12}},"loc":{"start":{"line":106,"column":18},"end":{"line":106,"column":29}},"line":106}},"branchMap":{"0":{"loc":{"start":{"line":79,"column":3},"end":{"line":87,"column":4}},"type":"if","locations":[{"start":{"line":79,"column":3},"end":{"line":87,"column":4}},{"start":{"line":79,"column":3},"end":{"line":87,"column":4}}],"line":79},"1":{"loc":{"start":{"line":82,"column":8},"end":{"line":87,"column":4}},"type":"if","locations":[{"start":{"line":82,"column":8},"end":{"line":87,"column":4}},{"start":{"line":82,"column":8},"end":{"line":87,"column":4}}],"line":82}},"s":{"0":1,"1":1,"2":1,"3":1,"4":1,"5":1,"6":0,"7":0,"8":0,"9":0,"10":0,"11":0,"12":0,"13":0,"14":0,"15":0,"16":0,"17":0,"18":0,"19":0,"20":0,"21":0,"22":0,"23":0,"24":0,"25":0,"26":0,"27":0,"28":0,"29":0,"30":0},"f":{"0":1,"1":0,"2":0,"3":0,"4":0,"5":0,"6":0,"7":0,"8":0,"9":0,"10":0,"11":0},"b":{"0":[0,0],"1":[0,0]},"_coverageSchema":"332fd63041d2c1bcb487cc26dd0d5f7d97098a6c","hash":"41aaa8cf4fe67ad19577a870a6549f64efd720fe"}
,"C:\\Users\\Alex\\Desktop\\University Work\\Year 3\\Software Quality and Process Management\\student-cvs\\modules\\dataAccess\\cvDataAccess.js": {"path":"C:\\Users\\Alex\\Desktop\\University Work\\Year 3\\Software Quality and Process Management\\student-cvs\\modules\\dataAccess\\cvDataAccess.js","statementMap":{"0":{"start":{"line":1,"column":11},"end":{"line":1,"column":38}},"1":{"start":{"line":3,"column":0},"end":{"line":127,"column":1}},"2":{"start":{"line":6,"column":2},"end":{"line":72,"column":5}},"3":{"start":{"line":7,"column":3},"end":{"line":71,"column":4}},"4":{"start":{"line":8,"column":4},"end":{"line":8,"column":43}},"5":{"start":{"line":10,"column":8},"end":{"line":71,"column":4}},"6":{"start":{"line":11,"column":4},"end":{"line":11,"column":42}},"7":{"start":{"line":13,"column":8},"end":{"line":71,"column":4}},"8":{"start":{"line":14,"column":4},"end":{"line":14,"column":47}},"9":{"start":{"line":16,"column":8},"end":{"line":71,"column":4}},"10":{"start":{"line":17,"column":4},"end":{"line":17,"column":46}},"11":{"start":{"line":19,"column":8},"end":{"line":71,"column":4}},"12":{"start":{"line":20,"column":4},"end":{"line":20,"column":46}},"13":{"start":{"line":22,"column":8},"end":{"line":71,"column":4}},"14":{"start":{"line":23,"column":4},"end":{"line":23,"column":39}},"15":{"start":{"line":25,"column":8},"end":{"line":71,"column":4}},"16":{"start":{"line":26,"column":4},"end":{"line":26,"column":39}},"17":{"start":{"line":28,"column":8},"end":{"line":71,"column":4}},"18":{"start":{"line":29,"column":4},"end":{"line":29,"column":41}},"19":{"start":{"line":31,"column":8},"end":{"line":71,"column":4}},"20":{"start":{"line":32,"column":4},"end":{"line":32,"column":42}},"21":{"start":{"line":34,"column":8},"end":{"line":71,"column":4}},"22":{"start":{"line":35,"column":4},"end":{"line":35,"column":44}},"23":{"start":{"line":37,"column":8},"end":{"line":71,"column":4}},"24":{"start":{"line":38,"column":4},"end":{"line":38,"column":49}},"25":{"start":{"line":40,"column":8},"end":{"line":71,"column":4}},"26":{"start":{"line":41,"column":4},"end":{"line":41,"column":50}},"27":{"start":{"line":44,"column":18},"end":{"line":62,"column":6}},"28":{"start":{"line":64,"column":4},"end":{"line":70,"column":5}},"29":{"start":{"line":65,"column":22},"end":{"line":65,"column":34}},"30":{"start":{"line":66,"column":5},"end":{"line":66,"column":23}},"31":{"start":{"line":69,"column":5},"end":{"line":69,"column":17}},"32":{"start":{"line":76,"column":2},"end":{"line":99,"column":5}},"33":{"start":{"line":78,"column":3},"end":{"line":98,"column":4}},"34":{"start":{"line":80,"column":4},"end":{"line":93,"column":20}},"35":{"start":{"line":94,"column":4},"end":{"line":94,"column":23}},"36":{"start":{"line":97,"column":4},"end":{"line":97,"column":16}},"37":{"start":{"line":103,"column":2},"end":{"line":113,"column":4}},"38":{"start":{"line":105,"column":3},"end":{"line":111,"column":7}},"39":{"start":{"line":107,"column":5},"end":{"line":107,"column":22}},"40":{"start":{"line":110,"column":5},"end":{"line":110,"column":17}},"41":{"start":{"line":117,"column":2},"end":{"line":125,"column":5}},"42":{"start":{"line":118,"column":3},"end":{"line":124,"column":7}},"43":{"start":{"line":120,"column":5},"end":{"line":120,"column":22}},"44":{"start":{"line":123,"column":5},"end":{"line":123,"column":17}}},"fnMap":{"0":{"name":"(anonymous_0)","decl":{"start":{"line":6,"column":21},"end":{"line":6,"column":22}},"loc":{"start":{"line":6,"column":48},"end":{"line":72,"column":3}},"line":6},"1":{"name":"(anonymous_1)","decl":{"start":{"line":76,"column":21},"end":{"line":76,"column":22}},"loc":{"start":{"line":76,"column":48},"end":{"line":99,"column":3}},"line":76},"2":{"name":"(anonymous_2)","decl":{"start":{"line":103,"column":21},"end":{"line":103,"column":22}},"loc":{"start":{"line":103,"column":42},"end":{"line":113,"column":3}},"line":103},"3":{"name":"(anonymous_3)","decl":{"start":{"line":106,"column":10},"end":{"line":106,"column":11}},"loc":{"start":{"line":106,"column":23},"end":{"line":108,"column":5}},"line":106},"4":{"name":"(anonymous_4)","decl":{"start":{"line":109,"column":11},"end":{"line":109,"column":12}},"loc":{"start":{"line":109,"column":18},"end":{"line":111,"column":5}},"line":109},"5":{"name":"(anonymous_5)","decl":{"start":{"line":117,"column":21},"end":{"line":117,"column":22}},"loc":{"start":{"line":117,"column":42},"end":{"line":125,"column":3}},"line":117},"6":{"name":"(anonymous_6)","decl":{"start":{"line":119,"column":10},"end":{"line":119,"column":11}},"loc":{"start":{"line":119,"column":21},"end":{"line":121,"column":5}},"line":119},"7":{"name":"(anonymous_7)","decl":{"start":{"line":122,"column":11},"end":{"line":122,"column":12}},"loc":{"start":{"line":122,"column":18},"end":{"line":124,"column":5}},"line":122}},"branchMap":{"0":{"loc":{"start":{"line":7,"column":3},"end":{"line":71,"column":4}},"type":"if","locations":[{"start":{"line":7,"column":3},"end":{"line":71,"column":4}},{"start":{"line":7,"column":3},"end":{"line":71,"column":4}}],"line":7},"1":{"loc":{"start":{"line":10,"column":8},"end":{"line":71,"column":4}},"type":"if","locations":[{"start":{"line":10,"column":8},"end":{"line":71,"column":4}},{"start":{"line":10,"column":8},"end":{"line":71,"column":4}}],"line":10},"2":{"loc":{"start":{"line":13,"column":8},"end":{"line":71,"column":4}},"type":"if","locations":[{"start":{"line":13,"column":8},"end":{"line":71,"column":4}},{"start":{"line":13,"column":8},"end":{"line":71,"column":4}}],"line":13},"3":{"loc":{"start":{"line":16,"column":8},"end":{"line":71,"column":4}},"type":"if","locations":[{"start":{"line":16,"column":8},"end":{"line":71,"column":4}},{"start":{"line":16,"column":8},"end":{"line":71,"column":4}}],"line":16},"4":{"loc":{"start":{"line":19,"column":8},"end":{"line":71,"column":4}},"type":"if","locations":[{"start":{"line":19,"column":8},"end":{"line":71,"column":4}},{"start":{"line":19,"column":8},"end":{"line":71,"column":4}}],"line":19},"5":{"loc":{"start":{"line":22,"column":8},"end":{"line":71,"column":4}},"type":"if","locations":[{"start":{"line":22,"column":8},"end":{"line":71,"column":4}},{"start":{"line":22,"column":8},"end":{"line":71,"column":4}}],"line":22},"6":{"loc":{"start":{"line":25,"column":8},"end":{"line":71,"column":4}},"type":"if","locations":[{"start":{"line":25,"column":8},"end":{"line":71,"column":4}},{"start":{"line":25,"column":8},"end":{"line":71,"column":4}}],"line":25},"7":{"loc":{"start":{"line":28,"column":8},"end":{"line":71,"column":4}},"type":"if","locations":[{"start":{"line":28,"column":8},"end":{"line":71,"column":4}},{"start":{"line":28,"column":8},"end":{"line":71,"column":4}}],"line":28},"8":{"loc":{"start":{"line":31,"column":8},"end":{"line":71,"column":4}},"type":"if","locations":[{"start":{"line":31,"column":8},"end":{"line":71,"column":4}},{"start":{"line":31,"column":8},"end":{"line":71,"column":4}}],"line":31},"9":{"loc":{"start":{"line":34,"column":8},"end":{"line":71,"column":4}},"type":"if","locations":[{"start":{"line":34,"column":8},"end":{"line":71,"column":4}},{"start":{"line":34,"column":8},"end":{"line":71,"column":4}}],"line":34},"10":{"loc":{"start":{"line":37,"column":8},"end":{"line":71,"column":4}},"type":"if","locations":[{"start":{"line":37,"column":8},"end":{"line":71,"column":4}},{"start":{"line":37,"column":8},"end":{"line":71,"column":4}}],"line":37},"11":{"loc":{"start":{"line":40,"column":8},"end":{"line":71,"column":4}},"type":"if","locations":[{"start":{"line":40,"column":8},"end":{"line":71,"column":4}},{"start":{"line":40,"column":8},"end":{"line":71,"column":4}}],"line":40}},"s":{"0":2,"1":2,"2":14,"3":14,"4":1,"5":13,"6":1,"7":12,"8":1,"9":11,"10":1,"11":10,"12":1,"13":9,"14":1,"15":8,"16":1,"17":7,"18":1,"19":6,"20":1,"21":5,"22":1,"23":4,"24":1,"25":3,"26":1,"27":2,"28":2,"29":2,"30":2,"31":0,"32":1,"33":1,"34":1,"35":1,"36":0,"37":1,"38":1,"39":1,"40":0,"41":1,"42":1,"43":1,"44":0},"f":{"0":14,"1":1,"2":1,"3":1,"4":0,"5":1,"6":1,"7":0},"b":{"0":[1,13],"1":[1,12],"2":[1,11],"3":[1,10],"4":[1,9],"5":[1,8],"6":[1,7],"7":[1,6],"8":[1,5],"9":[1,4],"10":[1,3],"11":[1,2]},"_coverageSchema":"332fd63041d2c1bcb487cc26dd0d5f7d97098a6c","hash":"b17a6726f2f3c890a7853c1657aad0b5c8fc3563"}
}
