{"C:\\Users\\Alex\\Desktop\\University Work\\Year 3\\Software Quality and Process Management\\student-cvs\\Schemas\\CV.js": {"path":"C:\\Users\\Alex\\Desktop\\University Work\\Year 3\\Software Quality and Process Management\\student-cvs\\Schemas\\CV.js","statementMap":{"0":{"start":{"line":1,"column":17},"end":{"line":1,"column":36}},"1":{"start":{"line":2,"column":15},"end":{"line":2,"column":30}},"2":{"start":{"line":4,"column":17},"end":{"line":24,"column":2}},"3":{"start":{"line":26,"column":11},"end":{"line":26,"column":41}},"4":{"start":{"line":28,"column":0},"end":{"line":28,"column":20}}},"fnMap":{},"branchMap":{},"s":{"0":1,"1":1,"2":1,"3":1,"4":1},"f":{},"b":{},"_coverageSchema":"332fd63041d2c1bcb487cc26dd0d5f7d97098a6c","hash":"e22da495639b6de8b15d25d887ef9c8ef8697cd5"}
,"C:\\Users\\Alex\\Desktop\\University Work\\Year 3\\Software Quality and Process Management\\student-cvs\\keys\\keys.js": {"path":"C:\\Users\\Alex\\Desktop\\University Work\\Year 3\\Software Quality and Process Management\\student-cvs\\keys\\keys.js","statementMap":{"0":{"start":{"line":1,"column":13},"end":{"line":6,"column":1}},"1":{"start":{"line":8,"column":0},"end":{"line":8,"column":22}}},"fnMap":{},"branchMap":{},"s":{"0":1,"1":1},"f":{},"b":{},"_coverageSchema":"332fd63041d2c1bcb487cc26dd0d5f7d97098a6c","hash":"74a49c7ca6088984d5ac3b14325b034d71213c7a"}
,"C:\\Users\\Alex\\Desktop\\University Work\\Year 3\\Software Quality and Process Management\\student-cvs\\modules\\dataAccess\\cvDataAccess.js": {"path":"C:\\Users\\Alex\\Desktop\\University Work\\Year 3\\Software Quality and Process Management\\student-cvs\\modules\\dataAccess\\cvDataAccess.js","statementMap":{"0":{"start":{"line":1,"column":11},"end":{"line":1,"column":38}},"1":{"start":{"line":3,"column":0},"end":{"line":128,"column":1}},"2":{"start":{"line":6,"column":2},"end":{"line":72,"column":5}},"3":{"start":{"line":7,"column":3},"end":{"line":71,"column":4}},"4":{"start":{"line":8,"column":4},"end":{"line":8,"column":43}},"5":{"start":{"line":10,"column":8},"end":{"line":71,"column":4}},"6":{"start":{"line":11,"column":4},"end":{"line":11,"column":42}},"7":{"start":{"line":13,"column":8},"end":{"line":71,"column":4}},"8":{"start":{"line":14,"column":4},"end":{"line":14,"column":47}},"9":{"start":{"line":16,"column":8},"end":{"line":71,"column":4}},"10":{"start":{"line":17,"column":4},"end":{"line":17,"column":46}},"11":{"start":{"line":19,"column":8},"end":{"line":71,"column":4}},"12":{"start":{"line":20,"column":4},"end":{"line":20,"column":46}},"13":{"start":{"line":22,"column":8},"end":{"line":71,"column":4}},"14":{"start":{"line":23,"column":4},"end":{"line":23,"column":39}},"15":{"start":{"line":25,"column":8},"end":{"line":71,"column":4}},"16":{"start":{"line":26,"column":4},"end":{"line":26,"column":39}},"17":{"start":{"line":28,"column":8},"end":{"line":71,"column":4}},"18":{"start":{"line":29,"column":4},"end":{"line":29,"column":41}},"19":{"start":{"line":31,"column":8},"end":{"line":71,"column":4}},"20":{"start":{"line":32,"column":4},"end":{"line":32,"column":42}},"21":{"start":{"line":34,"column":8},"end":{"line":71,"column":4}},"22":{"start":{"line":35,"column":4},"end":{"line":35,"column":44}},"23":{"start":{"line":37,"column":8},"end":{"line":71,"column":4}},"24":{"start":{"line":38,"column":4},"end":{"line":38,"column":49}},"25":{"start":{"line":40,"column":8},"end":{"line":71,"column":4}},"26":{"start":{"line":41,"column":4},"end":{"line":41,"column":50}},"27":{"start":{"line":44,"column":18},"end":{"line":62,"column":6}},"28":{"start":{"line":64,"column":4},"end":{"line":70,"column":5}},"29":{"start":{"line":65,"column":22},"end":{"line":65,"column":34}},"30":{"start":{"line":66,"column":5},"end":{"line":66,"column":23}},"31":{"start":{"line":69,"column":5},"end":{"line":69,"column":17}},"32":{"start":{"line":76,"column":2},"end":{"line":100,"column":5}},"33":{"start":{"line":78,"column":3},"end":{"line":99,"column":4}},"34":{"start":{"line":80,"column":4},"end":{"line":93,"column":20}},"35":{"start":{"line":94,"column":4},"end":{"line":94,"column":27}},"36":{"start":{"line":95,"column":4},"end":{"line":95,"column":23}},"37":{"start":{"line":98,"column":4},"end":{"line":98,"column":16}},"38":{"start":{"line":104,"column":2},"end":{"line":114,"column":4}},"39":{"start":{"line":106,"column":3},"end":{"line":112,"column":7}},"40":{"start":{"line":108,"column":5},"end":{"line":108,"column":22}},"41":{"start":{"line":111,"column":5},"end":{"line":111,"column":17}},"42":{"start":{"line":118,"column":2},"end":{"line":126,"column":5}},"43":{"start":{"line":119,"column":3},"end":{"line":125,"column":7}},"44":{"start":{"line":121,"column":5},"end":{"line":121,"column":22}},"45":{"start":{"line":124,"column":5},"end":{"line":124,"column":17}}},"fnMap":{"0":{"name":"(anonymous_0)","decl":{"start":{"line":6,"column":21},"end":{"line":6,"column":22}},"loc":{"start":{"line":6,"column":48},"end":{"line":72,"column":3}},"line":6},"1":{"name":"(anonymous_1)","decl":{"start":{"line":76,"column":21},"end":{"line":76,"column":22}},"loc":{"start":{"line":76,"column":48},"end":{"line":100,"column":3}},"line":76},"2":{"name":"(anonymous_2)","decl":{"start":{"line":104,"column":21},"end":{"line":104,"column":22}},"loc":{"start":{"line":104,"column":42},"end":{"line":114,"column":3}},"line":104},"3":{"name":"(anonymous_3)","decl":{"start":{"line":107,"column":10},"end":{"line":107,"column":11}},"loc":{"start":{"line":107,"column":23},"end":{"line":109,"column":5}},"line":107},"4":{"name":"(anonymous_4)","decl":{"start":{"line":110,"column":11},"end":{"line":110,"column":12}},"loc":{"start":{"line":110,"column":18},"end":{"line":112,"column":5}},"line":110},"5":{"name":"(anonymous_5)","decl":{"start":{"line":118,"column":21},"end":{"line":118,"column":22}},"loc":{"start":{"line":118,"column":42},"end":{"line":126,"column":3}},"line":118},"6":{"name":"(anonymous_6)","decl":{"start":{"line":120,"column":10},"end":{"line":120,"column":11}},"loc":{"start":{"line":120,"column":21},"end":{"line":122,"column":5}},"line":120},"7":{"name":"(anonymous_7)","decl":{"start":{"line":123,"column":11},"end":{"line":123,"column":12}},"loc":{"start":{"line":123,"column":18},"end":{"line":125,"column":5}},"line":123}},"branchMap":{"0":{"loc":{"start":{"line":7,"column":3},"end":{"line":71,"column":4}},"type":"if","locations":[{"start":{"line":7,"column":3},"end":{"line":71,"column":4}},{"start":{"line":7,"column":3},"end":{"line":71,"column":4}}],"line":7},"1":{"loc":{"start":{"line":10,"column":8},"end":{"line":71,"column":4}},"type":"if","locations":[{"start":{"line":10,"column":8},"end":{"line":71,"column":4}},{"start":{"line":10,"column":8},"end":{"line":71,"column":4}}],"line":10},"2":{"loc":{"start":{"line":13,"column":8},"end":{"line":71,"column":4}},"type":"if","locations":[{"start":{"line":13,"column":8},"end":{"line":71,"column":4}},{"start":{"line":13,"column":8},"end":{"line":71,"column":4}}],"line":13},"3":{"loc":{"start":{"line":16,"column":8},"end":{"line":71,"column":4}},"type":"if","locations":[{"start":{"line":16,"column":8},"end":{"line":71,"column":4}},{"start":{"line":16,"column":8},"end":{"line":71,"column":4}}],"line":16},"4":{"loc":{"start":{"line":19,"column":8},"end":{"line":71,"column":4}},"type":"if","locations":[{"start":{"line":19,"column":8},"end":{"line":71,"column":4}},{"start":{"line":19,"column":8},"end":{"line":71,"column":4}}],"line":19},"5":{"loc":{"start":{"line":22,"column":8},"end":{"line":71,"column":4}},"type":"if","locations":[{"start":{"line":22,"column":8},"end":{"line":71,"column":4}},{"start":{"line":22,"column":8},"end":{"line":71,"column":4}}],"line":22},"6":{"loc":{"start":{"line":25,"column":8},"end":{"line":71,"column":4}},"type":"if","locations":[{"start":{"line":25,"column":8},"end":{"line":71,"column":4}},{"start":{"line":25,"column":8},"end":{"line":71,"column":4}}],"line":25},"7":{"loc":{"start":{"line":28,"column":8},"end":{"line":71,"column":4}},"type":"if","locations":[{"start":{"line":28,"column":8},"end":{"line":71,"column":4}},{"start":{"line":28,"column":8},"end":{"line":71,"column":4}}],"line":28},"8":{"loc":{"start":{"line":31,"column":8},"end":{"line":71,"column":4}},"type":"if","locations":[{"start":{"line":31,"column":8},"end":{"line":71,"column":4}},{"start":{"line":31,"column":8},"end":{"line":71,"column":4}}],"line":31},"9":{"loc":{"start":{"line":34,"column":8},"end":{"line":71,"column":4}},"type":"if","locations":[{"start":{"line":34,"column":8},"end":{"line":71,"column":4}},{"start":{"line":34,"column":8},"end":{"line":71,"column":4}}],"line":34},"10":{"loc":{"start":{"line":37,"column":8},"end":{"line":71,"column":4}},"type":"if","locations":[{"start":{"line":37,"column":8},"end":{"line":71,"column":4}},{"start":{"line":37,"column":8},"end":{"line":71,"column":4}}],"line":37},"11":{"loc":{"start":{"line":40,"column":8},"end":{"line":71,"column":4}},"type":"if","locations":[{"start":{"line":40,"column":8},"end":{"line":71,"column":4}},{"start":{"line":40,"column":8},"end":{"line":71,"column":4}}],"line":40}},"s":{"0":1,"1":1,"2":13,"3":13,"4":1,"5":12,"6":1,"7":11,"8":1,"9":10,"10":1,"11":9,"12":1,"13":8,"14":1,"15":7,"16":1,"17":6,"18":1,"19":5,"20":1,"21":4,"22":1,"23":3,"24":1,"25":2,"26":1,"27":1,"28":1,"29":1,"30":1,"31":0,"32":1,"33":1,"34":1,"35":1,"36":1,"37":0,"38":1,"39":1,"40":1,"41":0,"42":1,"43":1,"44":1,"45":0},"f":{"0":13,"1":1,"2":1,"3":1,"4":0,"5":1,"6":1,"7":0},"b":{"0":[1,12],"1":[1,11],"2":[1,10],"3":[1,9],"4":[1,8],"5":[1,7],"6":[1,6],"7":[1,5],"8":[1,4],"9":[1,3],"10":[1,2],"11":[1,1]},"_coverageSchema":"332fd63041d2c1bcb487cc26dd0d5f7d97098a6c","hash":"1d6105624d8938b520e75dc5eb77ff0a345f8067"}
}
