TN:
SF:C:\Users\Alex\Desktop\University Work\Year 3\Software Quality and Process Management\student-cvs\Schemas\CV.js
FNF:0
FNH:0
DA:1,1
DA:2,1
DA:4,1
DA:26,1
DA:28,1
LF:5
LH:5
BRF:0
BRH:0
end_of_record
TN:
SF:C:\Users\Alex\Desktop\University Work\Year 3\Software Quality and Process Management\student-cvs\keys\keys.js
FNF:0
FNH:0
DA:1,1
DA:8,1
LF:2
LH:2
BRF:0
BRH:0
end_of_record
TN:
SF:C:\Users\Alex\Desktop\University Work\Year 3\Software Quality and Process Management\student-cvs\modules\dataAccess\cvDataAccess.js
FN:6,(anonymous_0)
FN:76,(anonymous_1)
FN:104,(anonymous_2)
FN:107,(anonymous_3)
FN:110,(anonymous_4)
FN:118,(anonymous_5)
FN:120,(anonymous_6)
FN:123,(anonymous_7)
FNF:8
FNH:6
FNDA:13,(anonymous_0)
FNDA:1,(anonymous_1)
FNDA:1,(anonymous_2)
FNDA:1,(anonymous_3)
FNDA:0,(anonymous_4)
FNDA:1,(anonymous_5)
FNDA:1,(anonymous_6)
FNDA:0,(anonymous_7)
DA:1,1
DA:3,1
DA:6,13
DA:7,13
DA:8,1
DA:10,12
DA:11,1
DA:13,11
DA:14,1
DA:16,10
DA:17,1
DA:19,9
DA:20,1
DA:22,8
DA:23,1
DA:25,7
DA:26,1
DA:28,6
DA:29,1
DA:31,5
DA:32,1
DA:34,4
DA:35,1
DA:37,3
DA:38,1
DA:40,2
DA:41,1
DA:44,1
DA:64,1
DA:65,1
DA:66,1
DA:69,0
DA:76,1
DA:78,1
DA:80,1
DA:94,1
DA:95,1
DA:98,0
DA:104,1
DA:106,1
DA:108,1
DA:111,0
DA:118,1
DA:119,1
DA:121,1
DA:124,0
LF:46
LH:42
BRDA:7,0,0,1
BRDA:7,0,1,12
BRDA:10,1,0,1
BRDA:10,1,1,11
BRDA:13,2,0,1
BRDA:13,2,1,10
BRDA:16,3,0,1
BRDA:16,3,1,9
BRDA:19,4,0,1
BRDA:19,4,1,8
BRDA:22,5,0,1
BRDA:22,5,1,7
BRDA:25,6,0,1
BRDA:25,6,1,6
BRDA:28,7,0,1
BRDA:28,7,1,5
BRDA:31,8,0,1
BRDA:31,8,1,4
BRDA:34,9,0,1
BRDA:34,9,1,3
BRDA:37,10,0,1
BRDA:37,10,1,2
BRDA:40,11,0,1
BRDA:40,11,1,1
BRF:24
BRH:24
end_of_record
