TN:
SF:C:\Users\Alex\Desktop\University\CS Year 3\Semester 1\Software Quality and Process Management\student-cvs\Schemas\User.js
FNF:0
FNH:0
DA:1,1
DA:2,1
DA:4,1
DA:16,1
LF:4
LH:4
BRF:0
BRH:0
end_of_record
TN:
SF:C:\Users\Alex\Desktop\University\CS Year 3\Semester 1\Software Quality and Process Management\student-cvs\modules\businessLogic\accountLogic.js
FN:6,(anonymous_0)
FN:19,(anonymous_1)
FN:22,(anonymous_2)
FNF:3
FNH:1
FNDA:1,(anonymous_0)
FNDA:0,(anonymous_1)
FNDA:0,(anonymous_2)
DA:1,1
DA:3,1
DA:6,1
DA:7,1
DA:18,1
DA:20,0
DA:23,0
DA:24,0
LF:8
LH:5
BRF:0
BRH:0
end_of_record
TN:
SF:C:\Users\Alex\Desktop\University\CS Year 3\Semester 1\Software Quality and Process Management\student-cvs\modules\dataAccess\accountDataAccess.js
FN:6,(anonymous_0)
FN:23,(anonymous_1)
FNF:2
FNH:1
FNDA:0,(anonymous_0)
FNDA:1,(anonymous_1)
DA:1,1
DA:2,1
DA:4,1
DA:6,0
DA:7,0
DA:8,0
DA:9,0
DA:10,0
DA:13,0
DA:17,0
DA:23,1
DA:31,1
LF:12
LH:5
BRDA:9,0,0,0
BRDA:9,0,1,0
BRF:2
BRH:0
end_of_record
